2025-12-16 18:51:52.304685, [WARN] The scenario manager already exists. Will not change the model. Use another name to avoid surprising errors!
2025-12-16 18:58:06.518433, [WARN] The scenario manager already exists. Will not change the model. Use another name to avoid surprising errors!
2025-12-16 19:12:14.453960, [WARN] The scenario manager already exists. Will not change the model. Use another name to avoid surprising errors!
2025-12-16 19:12:23.740833, [WARN] The scenario manager already exists. Will not change the model. Use another name to avoid surprising errors!
2025-12-16 19:12:27.783437, [WARN] The scenario manager already exists. Will not change the model. Use another name to avoid surprising errors!
2025-12-16 19:12:31.544518, [WARN] The scenario manager already exists. Will not change the model. Use another name to avoid surprising errors!
2025-12-16 19:14:19.164163, [WARN] The scenario manager already exists. Will not change the model. Use another name to avoid surprising errors!
2025-12-16 19:16:02.004159, [WARN] The scenario manager already exists. Will not change the model. Use another name to avoid surprising errors!
2025-12-16 19:34:56.425916, [WARN] The scenario manager already exists. Will not change the model. Use another name to avoid surprising errors!
2025-12-16 19:47:44.401671, [WARN] The scenario manager already exists. Will not change the model. Use another name to avoid surprising errors!
2025-12-16 19:51:36.725338, [WARN] The scenario manager already exists. Will not change the model. Use another name to avoid surprising errors!
2025-12-16 20:03:31.067681, [WARN] The scenario manager already exists. Will not change the model. Use another name to avoid surprising errors!
2025-12-16 20:11:12.807673, [WARN] The scenario manager already exists. Will not change the model. Use another name to avoid surprising errors!
2025-12-16 20:12:51.876110, [WARN] The scenario manager already exists. Will not change the model. Use another name to avoid surprising errors!
2025-12-16 20:13:28.070337, [WARN] The scenario manager already exists. Will not change the model. Use another name to avoid surprising errors!
2025-12-16 20:50:39.449784, [WARN] The scenario manager already exists. Will not change the model. Use another name to avoid surprising errors!
2025-12-16 20:58:48.161879, [WARN] The scenario manager already exists. Will not change the model. Use another name to avoid surprising errors!
2025-12-16 21:00:03.923206, [WARN] The scenario manager already exists. Will not change the model. Use another name to avoid surprising errors!
2025-12-16 21:08:22.953445, [WARN] The scenario manager already exists. Will not change the model. Use another name to avoid surprising errors!
2025-12-16 21:08:41.195111, [WARN] The scenario manager already exists. Will not change the model. Use another name to avoid surprising errors!
2025-12-16 21:47:18.190329, [WARN] The scenario manager already exists. Will not change the model. Use another name to avoid surprising errors!
2025-12-16 21:59:21.498844, [ERROR] Scenario manager "smAnts" not found!
2025-12-16 21:59:21.499845, [ERROR] Scenario "base" not found in any scenario manager!
2025-12-16 21:59:21.499845, [ERROR] Scenario "Erhöhung_von_0.02C" not found in any scenario manager!
2025-12-16 21:59:21.499845, [ERROR] Scenario "Erhöhung_von_0.04C" not found in any scenario manager!
2025-12-16 21:59:21.499845, [ERROR] Scenario "Erhöhung_von_0.06C" not found in any scenario manager!
2025-12-16 21:59:21.500844, [ERROR] Scenario "Erhöhung_von_0.1C" not found in any scenario manager!
2025-12-16 21:59:21.500844, [WARN] No output data produced. Hopefully this was your intention.
2025-12-16 21:59:52.812933, [WARN] The scenario manager already exists. Will not change the model. Use another name to avoid surprising errors!
2025-12-16 22:38:18.742577, [WARN] The scenario manager already exists. Will not change the model. Use another name to avoid surprising errors!
2025-12-16 23:05:16.985872, [WARN] The scenario manager already exists. Will not change the model. Use another name to avoid surprising errors!
